Unity Editor version:    2021.3.4f1 (cb45f9cae8b7)
Branch:                  2021.3/staging
Build type:              Release
Batch mode:              YES
macOS version:           Version 11.6 (Build 20G165)
Darwin version:          20.6.0
Architecture:            arm64
Running under Rosetta:   NO
Available memory:        8192 MB
Using pre-set license
Pro License: YES

COMMAND LINE ARGUMENTS:
/Applications/Unity/Hub/Editor/2021.3.4f1/Unity.app/Contents/MacOS/Unity
-adb2
-batchMode
-noUpm
-name
AssetImportWorker0
-projectPath
/Users/rasha/Desktop/untitled folder/monster makeover mine final
-logFile
Logs/AssetImportWorker0.log
-srvPort
53672
Successfully changed project path to: /Users/rasha/Desktop/untitled folder/monster makeover mine final
/Users/rasha/Desktop/untitled folder/monster makeover mine final
[UnityMemory] Configuration Parameters - Can be set up in boot.config
    "memorysetup-bucket-allocator-granularity=16"
    "memorysetup-bucket-allocator-bucket-count=8"
    "memorysetup-bucket-allocator-block-size=33554432"
    "memorysetup-bucket-allocator-block-count=8"
    "memorysetup-main-allocator-block-size=16777216"
    "memorysetup-thread-allocator-block-size=16777216"
    "memorysetup-gfx-main-allocator-block-size=16777216"
    "memorysetup-gfx-thread-allocator-block-size=16777216"
    "memorysetup-cache-allocator-block-size=4194304"
    "memorysetup-typetree-allocator-block-size=2097152"
    "memorysetup-profiler-bucket-allocator-granularity=16"
    "memorysetup-profiler-bucket-allocator-bucket-count=8"
    "memorysetup-profiler-bucket-allocator-block-size=33554432"
    "memorysetup-profiler-bucket-allocator-block-count=8"
    "memorysetup-profiler-allocator-block-size=16777216"
    "memorysetup-profiler-editor-allocator-block-size=1048576"
    "memorysetup-temp-allocator-size-main=16777216"
    "memorysetup-job-temp-allocator-block-size=2097152"
    "memorysetup-job-temp-allocator-block-size-background=1048576"
    "memorysetup-job-temp-allocator-reduction-small-platforms=262144"
    "memorysetup-temp-allocator-size-background-worker=32768"
    "memorysetup-temp-allocator-size-job-worker=262144"
    "memorysetup-temp-allocator-size-preload-manager=33554432"
    "memorysetup-temp-allocator-size-nav-mesh-worker=65536"
    "memorysetup-temp-allocator-size-audio-worker=65536"
    "memorysetup-temp-allocator-size-cloud-worker=32768"
    "memorysetup-temp-allocator-size-gi-baking-worker=262144"
    "memorysetup-temp-allocator-size-gfx=262144"
Refreshing native plugins compatible for Editor in 36.33 ms, found 2 plugins.
Preloading 0 native plugins for Editor in 0.00 ms.
Initialize engine version: 2021.3.4f1 (cb45f9cae8b7)
[Subsystems] Discovering subsystems at path /Applications/Unity/Hub/Editor/2021.3.4f1/Unity.app/Contents/Resources/UnitySubsystems
[Subsystems] Discovering subsystems at path /Users/rasha/Desktop/untitled folder/monster makeover mine final/Assets
GfxDevice: creating device client; threaded=0; jobified=0
 preferred device: Apple M1 (high power)
Metal devices available: 1
0: Apple M1 (high power)
Using device Apple M1 (high power)
Initializing Metal device caps: Apple M1
Initialize mono
Mono path[0] = '/Applications/Unity/Hub/Editor/2021.3.4f1/Unity.app/Contents/Managed'
Mono path[1] = '/Applications/Unity/Hub/Editor/2021.3.4f1/Unity.app/Contents/MonoBleedingEdge/lib/mono/unityjit-macos'
Mono config path = '/Applications/Unity/Hub/Editor/2021.3.4f1/Unity.app/Contents/MonoBleedingEdge/etc'
Using monoOptions --debugger-agent=transport=dt_socket,embedding=1,server=y,suspend=n,address=127.0.0.1:56110
Begin MonoManager ReloadAssembly
Registering precompiled unity dll's ...
Register platform support module: /Applications/Unity/Hub/Editor/2021.3.4f1/Unity.app/Contents/PlaybackEngines/MacStandaloneSupport/UnityEditor.OSXStandalone.Extensions.dll
Register platform support module: /Applications/Unity/Hub/Editor/2021.3.4f1/PlaybackEngines/AndroidPlayer/UnityEditor.Android.Extensions.dll
Register platform support module: /Applications/Unity/Hub/Editor/2021.3.4f1/PlaybackEngines/WindowsStandaloneSupport/UnityEditor.WindowsStandalone.Extensions.dll
Registered in 0.003878 seconds.
Native extension for WindowsStandalone target not found
Native extension for Android target not found
Native extension for OSXStandalone target not found
Refreshing native plugins compatible for Editor in 33.58 ms, found 2 plugins.
Preloading 0 native plugins for Editor in 0.00 ms.
Mono: successfully reloaded assembly
- Completed reload, in  0.443 seconds
Domain Reload Profiling:
	ReloadAssembly (443ms)
		BeginReloadAssembly (77ms)
			ExecutionOrderSort (0ms)
			DisableScriptedObjects (0ms)
			BackupInstance (0ms)
			ReleaseScriptingObjects (0ms)
			CreateAndSetChildDomain (1ms)
		EndReloadAssembly (287ms)
			LoadAssemblies (78ms)
			RebuildTransferFunctionScriptingTraits (1ms)
			SetupTypeCache (80ms)
			ReleaseScriptCaches (0ms)
			RebuildScriptCaches (20ms)
			SetupLoadedEditorAssemblies (153ms)
				LogAssemblyErrors (0ms)
				InitializePlatformSupportModulesInManaged (33ms)
				SetLoadedEditorAssemblies (0ms)
				RefreshPlugins (34ms)
				BeforeProcessingInitializeOnLoad (1ms)
				ProcessInitializeOnLoadAttributes (58ms)
				ProcessInitializeOnLoadMethodAttributes (28ms)
				AfterProcessingInitializeOnLoad (0ms)
				EditorAssembliesLoaded (0ms)
			ExecutionOrderSort2 (0ms)
			AwakeInstancesAfterBackupRestoration (0ms)
Platform modules already initialized, skipping
Registering precompiled user dll's ...
Registered in 0.005441 seconds.
Begin MonoManager ReloadAssembly
OnLevelWasLoaded was found on DOTweenComponent
This message has been deprecated and will be removed in a later version of Unity.
Add a delegate to SceneManager.sceneLoaded instead to get notifications after scene loading has completed
Native extension for WindowsStandalone target not found
Native extension for Android target not found
Native extension for OSXStandalone target not found
Refreshing native plugins compatible for Editor in 0.39 ms, found 2 plugins.
Preloading 0 native plugins for Editor in 0.00 ms.
Package Manager log level set to [2]
Mono: successfully reloaded assembly
- Completed reload, in  0.857 seconds
Domain Reload Profiling:
	ReloadAssembly (858ms)
		BeginReloadAssembly (181ms)
			ExecutionOrderSort (0ms)
			DisableScriptedObjects (4ms)
			BackupInstance (0ms)
			ReleaseScriptingObjects (0ms)
			CreateAndSetChildDomain (132ms)
		EndReloadAssembly (600ms)
			LoadAssemblies (81ms)
			RebuildTransferFunctionScriptingTraits (0ms)
			SetupTypeCache (148ms)
			ReleaseScriptCaches (2ms)
			RebuildScriptCaches (34ms)
			SetupLoadedEditorAssemblies (306ms)
				LogAssemblyErrors (0ms)
				InitializePlatformSupportModulesInManaged (8ms)
				SetLoadedEditorAssemblies (0ms)
				RefreshPlugins (0ms)
				BeforeProcessingInitializeOnLoad (41ms)
				ProcessInitializeOnLoadAttributes (165ms)
				ProcessInitializeOnLoadMethodAttributes (89ms)
				AfterProcessingInitializeOnLoad (1ms)
				EditorAssembliesLoaded (0ms)
			ExecutionOrderSort2 (0ms)
			AwakeInstancesAfterBackupRestoration (2ms)
Platform modules already initialized, skipping
========================================================================
Worker process is ready to serve import requests
Launching external process: /Applications/Unity/Hub/Editor/2021.3.4f1/Unity.app/Contents/Tools/UnityShaderCompiler
Launched and connected shader compiler UnityShaderCompiler after 0.11 seconds
Refreshing native plugins compatible for Editor in 0.38 ms, found 2 plugins.
Preloading 0 native plugins for Editor in 0.00 ms.
Unloading 2341 Unused Serialized files (Serialized files now loaded: 0)
Unloading 67 unused Assets / (44.7 KB). Loaded Objects now: 2779.
Memory consumption went from 190.8 MB to 190.8 MB.
Total: 7.990042 ms (FindLiveObjects: 0.106125 ms CreateObjectMapping: 0.029917 ms MarkObjects: 7.786625 ms  DeleteObjects: 0.066042 ms)

AssetImportParameters requested are different than current active one (requested -> active):
  custom:video-decoder-ogg-theora: a1e56fd34408186e4bbccfd4996cb3dc -> 
  custom:container-muxer-webm: aa71ff27fc2769a1b78a27578f13a17b -> 
  custom:container-demuxer-webm: 4f35f7cbe854078d1ac9338744f61a02 -> 
  custom:video-encoder-webm-vp8: eb34c28f22e8b96e1ab97ce403110664 -> 
  custom:framework-osx-AVFoundation: e770b220cccbd017edd2c1fefb359320 -> 
  custom:audio-encoder-webm-vorbis: bf7c407c2cedff20999df2af8eb42d56 -> 
  custom:container-demuxer-ogg: 62fdf1f143b41e24485cea50d1cbac27 -> 
  custom:video-decoder-webm-vp8: 9c59270c3fd7afecdb556c50c9e8de78 -> 
  custom:audio-decoder-ogg-vorbis: bf7c407c2cedff20999df2af8eb42d56 -> 
========================================================================
Received Import Request.
  Time since last request: 113639.880929 seconds.
  path: Assets/Scenes
  artifactKey: Guid(876376137dace02429cfe0a32b0c47cd) Importer(815301076,1909f56bfc062723c751e8b465ee728b)
Start importing Assets/Scenes using Guid(876376137dace02429cfe0a32b0c47cd) Importer(815301076,1909f56bfc062723c751e8b465ee728b)  -> (artifact id: 'e2feacee666f2fb774ffa206f0bf1222') in 0.003479 seconds 
========================================================================
Received Import Request.
  Time since last request: 1.641066 seconds.
  path: Assets/Scenes/PlayGame.unity
  artifactKey: Guid(52a708bfcfcd86c4ba393bca752fa1a3) Importer(815301076,1909f56bfc062723c751e8b465ee728b)
Start importing Assets/Scenes/PlayGame.unity using Guid(52a708bfcfcd86c4ba393bca752fa1a3) Importer(815301076,1909f56bfc062723c751e8b465ee728b)  -> (artifact id: '8c14d829697d5d30e3b1c8997d098245') in 0.000820 seconds 
========================================================================
Received Import Request.
  Time since last request: 0.912847 seconds.
  path: Assets/Scenes/Menu.unity
  artifactKey: Guid(3267d8f6961ef1440baa5d9df0dcd454) Importer(815301076,1909f56bfc062723c751e8b465ee728b)
Start importing Assets/Scenes/Menu.unity using Guid(3267d8f6961ef1440baa5d9df0dcd454) Importer(815301076,1909f56bfc062723c751e8b465ee728b)  -> (artifact id: '89e57175cc27edbbd8f7e1e5c6aa0f30') in 0.000982 seconds 
========================================================================
Received Prepare
Refreshing native plugins compatible for Editor in 3.44 ms, found 2 plugins.
Preloading 0 native plugins for Editor in 0.00 ms.
Unloading 56 Unused Serialized files (Serialized files now loaded: 0)
Unloading 56 unused Assets / (22.9 KB). Loaded Objects now: 2779.
Memory consumption went from 144.8 MB to 144.8 MB.
Total: 22.177583 ms (FindLiveObjects: 0.150208 ms CreateObjectMapping: 0.028875 ms MarkObjects: 21.972417 ms  DeleteObjects: 0.025500 ms)

AssetImportParameters requested are different than current active one (requested -> active):
  custom:video-decoder-ogg-theora: a1e56fd34408186e4bbccfd4996cb3dc -> 
  custom:container-muxer-webm: aa71ff27fc2769a1b78a27578f13a17b -> 
  custom:container-demuxer-webm: 4f35f7cbe854078d1ac9338744f61a02 -> 
  custom:video-encoder-webm-vp8: eb34c28f22e8b96e1ab97ce403110664 -> 
  custom:framework-osx-AVFoundation: e770b220cccbd017edd2c1fefb359320 -> 
  custom:audio-encoder-webm-vorbis: bf7c407c2cedff20999df2af8eb42d56 -> 
  custom:container-demuxer-ogg: 62fdf1f143b41e24485cea50d1cbac27 -> 
  custom:video-decoder-webm-vp8: 9c59270c3fd7afecdb556c50c9e8de78 -> 
  custom:audio-decoder-ogg-vorbis: bf7c407c2cedff20999df2af8eb42d56 -> 
========================================================================
Received Prepare
Refreshing native plugins compatible for Editor in 3.15 ms, found 2 plugins.
Preloading 0 native plugins for Editor in 0.00 ms.
Unloading 56 Unused Serialized files (Serialized files now loaded: 0)
Unloading 56 unused Assets / (22.9 KB). Loaded Objects now: 2779.
Memory consumption went from 144.8 MB to 144.8 MB.
Total: 4.713458 ms (FindLiveObjects: 0.099292 ms CreateObjectMapping: 0.027416 ms MarkObjects: 4.569458 ms  DeleteObjects: 0.017125 ms)

AssetImportParameters requested are different than current active one (requested -> active):
  custom:video-decoder-ogg-theora: a1e56fd34408186e4bbccfd4996cb3dc -> 
  custom:container-muxer-webm: aa71ff27fc2769a1b78a27578f13a17b -> 
  custom:container-demuxer-webm: 4f35f7cbe854078d1ac9338744f61a02 -> 
  custom:video-encoder-webm-vp8: eb34c28f22e8b96e1ab97ce403110664 -> 
  custom:framework-osx-AVFoundation: e770b220cccbd017edd2c1fefb359320 -> 
  custom:audio-encoder-webm-vorbis: bf7c407c2cedff20999df2af8eb42d56 -> 
  custom:container-demuxer-ogg: 62fdf1f143b41e24485cea50d1cbac27 -> 
  custom:video-decoder-webm-vp8: 9c59270c3fd7afecdb556c50c9e8de78 -> 
  custom:audio-decoder-ogg-vorbis: bf7c407c2cedff20999df2af8eb42d56 -> 
========================================================================
Received Prepare
Registering precompiled user dll's ...
Registered in 0.002520 seconds.
Begin MonoManager ReloadAssembly
Thread 0x292fbb000 may have been prematurely finalized
Native extension for WindowsStandalone target not found
Native extension for Android target not found
Native extension for OSXStandalone target not found
Refreshing native plugins compatible for Editor in 0.41 ms, found 2 plugins.
Preloading 0 native plugins for Editor in 0.00 ms.
Mono: successfully reloaded assembly
- Completed reload, in  0.727 seconds
Domain Reload Profiling:
	ReloadAssembly (728ms)
		BeginReloadAssembly (133ms)
			ExecutionOrderSort (0ms)
			DisableScriptedObjects (9ms)
			BackupInstance (0ms)
			ReleaseScriptingObjects (0ms)
			CreateAndSetChildDomain (48ms)
		EndReloadAssembly (524ms)
			LoadAssemblies (65ms)
			RebuildTransferFunctionScriptingTraits (0ms)
			SetupTypeCache (145ms)
			ReleaseScriptCaches (1ms)
			RebuildScriptCaches (28ms)
			SetupLoadedEditorAssemblies (278ms)
				LogAssemblyErrors (0ms)
				InitializePlatformSupportModulesInManaged (12ms)
				SetLoadedEditorAssemblies (0ms)
				RefreshPlugins (0ms)
				BeforeProcessingInitializeOnLoad (33ms)
				ProcessInitializeOnLoadAttributes (144ms)
				ProcessInitializeOnLoadMethodAttributes (88ms)
				AfterProcessingInitializeOnLoad (1ms)
				EditorAssembliesLoaded (0ms)
			ExecutionOrderSort2 (0ms)
			AwakeInstancesAfterBackupRestoration (2ms)
Platform modules already initialized, skipping
OnLevelWasLoaded was found on DOTweenComponent
This message has been deprecated and will be removed in a later version of Unity.
Add a delegate to SceneManager.sceneLoaded instead to get notifications after scene loading has completed
Refreshing native plugins compatible for Editor in 1.71 ms, found 2 plugins.
Preloading 0 native plugins for Editor in 0.00 ms.
Unloading 2335 Unused Serialized files (Serialized files now loaded: 0)
Unloading 56 unused Assets / (23.0 KB). Loaded Objects now: 2782.
Memory consumption went from 190.8 MB to 190.8 MB.
Total: 5.148875 ms (FindLiveObjects: 0.106416 ms CreateObjectMapping: 0.030750 ms MarkObjects: 4.979833 ms  DeleteObjects: 0.031042 ms)

AssetImportParameters requested are different than current active one (requested -> active):
  custom:video-decoder-ogg-theora: a1e56fd34408186e4bbccfd4996cb3dc -> 
  custom:container-muxer-webm: aa71ff27fc2769a1b78a27578f13a17b -> 
  custom:container-demuxer-webm: 4f35f7cbe854078d1ac9338744f61a02 -> 
  custom:video-encoder-webm-vp8: eb34c28f22e8b96e1ab97ce403110664 -> 
  custom:framework-osx-AVFoundation: e770b220cccbd017edd2c1fefb359320 -> 
  custom:audio-encoder-webm-vorbis: bf7c407c2cedff20999df2af8eb42d56 -> 
  custom:container-demuxer-ogg: 62fdf1f143b41e24485cea50d1cbac27 -> 
  custom:video-decoder-webm-vp8: 9c59270c3fd7afecdb556c50c9e8de78 -> 
  custom:audio-decoder-ogg-vorbis: bf7c407c2cedff20999df2af8eb42d56 -> 
========================================================================
Received Prepare
Registering precompiled user dll's ...
Registered in 0.002075 seconds.
Begin MonoManager ReloadAssembly
Thread 0x16fe9b000 may have been prematurely finalized
Native extension for WindowsStandalone target not found
Native extension for Android target not found
Native extension for OSXStandalone target not found
Refreshing native plugins compatible for Editor in 0.56 ms, found 2 plugins.
Preloading 0 native plugins for Editor in 0.00 ms.
Mono: successfully reloaded assembly
- Completed reload, in  0.702 seconds
Domain Reload Profiling:
	ReloadAssembly (703ms)
		BeginReloadAssembly (87ms)
			ExecutionOrderSort (0ms)
			DisableScriptedObjects (5ms)
			BackupInstance (0ms)
			ReleaseScriptingObjects (0ms)
			CreateAndSetChildDomain (37ms)
		EndReloadAssembly (549ms)
			LoadAssemblies (39ms)
			RebuildTransferFunctionScriptingTraits (0ms)
			SetupTypeCache (139ms)
			ReleaseScriptCaches (1ms)
			RebuildScriptCaches (31ms)
			SetupLoadedEditorAssemblies (302ms)
				LogAssemblyErrors (0ms)
				InitializePlatformSupportModulesInManaged (12ms)
				SetLoadedEditorAssemblies (0ms)
				RefreshPlugins (1ms)
				BeforeProcessingInitializeOnLoad (34ms)
				ProcessInitializeOnLoadAttributes (159ms)
				ProcessInitializeOnLoadMethodAttributes (96ms)
				AfterProcessingInitializeOnLoad (1ms)
				EditorAssembliesLoaded (0ms)
			ExecutionOrderSort2 (0ms)
			AwakeInstancesAfterBackupRestoration (3ms)
Platform modules already initialized, skipping
OnLevelWasLoaded was found on DOTweenComponent
This message has been deprecated and will be removed in a later version of Unity.
Add a delegate to SceneManager.sceneLoaded instead to get notifications after scene loading has completed
Refreshing native plugins compatible for Editor in 1.73 ms, found 2 plugins.
Preloading 0 native plugins for Editor in 0.00 ms.
Unloading 2335 Unused Serialized files (Serialized files now loaded: 0)
Unloading 56 unused Assets / (22.9 KB). Loaded Objects now: 2785.
Memory consumption went from 191.1 MB to 191.1 MB.
Total: 4.845500 ms (FindLiveObjects: 0.110833 ms CreateObjectMapping: 0.035125 ms MarkObjects: 4.670750 ms  DeleteObjects: 0.027959 ms)

AssetImportParameters requested are different than current active one (requested -> active):
  custom:video-decoder-ogg-theora: a1e56fd34408186e4bbccfd4996cb3dc -> 
  custom:container-muxer-webm: aa71ff27fc2769a1b78a27578f13a17b -> 
  custom:container-demuxer-webm: 4f35f7cbe854078d1ac9338744f61a02 -> 
  custom:video-encoder-webm-vp8: eb34c28f22e8b96e1ab97ce403110664 -> 
  custom:framework-osx-AVFoundation: e770b220cccbd017edd2c1fefb359320 -> 
  custom:audio-encoder-webm-vorbis: bf7c407c2cedff20999df2af8eb42d56 -> 
  custom:container-demuxer-ogg: 62fdf1f143b41e24485cea50d1cbac27 -> 
  custom:video-decoder-webm-vp8: 9c59270c3fd7afecdb556c50c9e8de78 -> 
  custom:audio-decoder-ogg-vorbis: bf7c407c2cedff20999df2af8eb42d56 -> 
========================================================================
Received Import Request.
  Time since last request: 126.781942 seconds.
  path: Assets/Scenes/Asset 1.png
  artifactKey: Guid(f8d40862c1be041218c9e3add1492eaa) Importer(815301076,1909f56bfc062723c751e8b465ee728b)
Start importing Assets/Scenes/Asset 1.png using Guid(f8d40862c1be041218c9e3add1492eaa) Importer(815301076,1909f56bfc062723c751e8b465ee728b)  -> (artifact id: '8c4676773f075556b8e2df1af74c828d') in 0.671210 seconds 
========================================================================
Received Prepare
Registering precompiled user dll's ...
Registered in 0.001664 seconds.
Begin MonoManager ReloadAssembly
Thread 0x289c8b000 may have been prematurely finalized
Native extension for WindowsStandalone target not found
Native extension for Android target not found
Native extension for OSXStandalone target not found
Refreshing native plugins compatible for Editor in 0.44 ms, found 2 plugins.
Preloading 0 native plugins for Editor in 0.00 ms.
Mono: successfully reloaded assembly
- Completed reload, in  0.780 seconds
Domain Reload Profiling:
	ReloadAssembly (781ms)
		BeginReloadAssembly (121ms)
			ExecutionOrderSort (0ms)
			DisableScriptedObjects (9ms)
			BackupInstance (0ms)
			ReleaseScriptingObjects (0ms)
			CreateAndSetChildDomain (51ms)
		EndReloadAssembly (593ms)
			LoadAssemblies (51ms)
			RebuildTransferFunctionScriptingTraits (0ms)
			SetupTypeCache (155ms)
			ReleaseScriptCaches (1ms)
			RebuildScriptCaches (32ms)
			SetupLoadedEditorAssemblies (331ms)
				LogAssemblyErrors (0ms)
				InitializePlatformSupportModulesInManaged (12ms)
				SetLoadedEditorAssemblies (0ms)
				RefreshPlugins (0ms)
				BeforeProcessingInitializeOnLoad (35ms)
				ProcessInitializeOnLoadAttributes (181ms)
				ProcessInitializeOnLoadMethodAttributes (100ms)
				AfterProcessingInitializeOnLoad (1ms)
				EditorAssembliesLoaded (0ms)
			ExecutionOrderSort2 (0ms)
			AwakeInstancesAfterBackupRestoration (3ms)
Platform modules already initialized, skipping
OnLevelWasLoaded was found on DOTweenComponent
This message has been deprecated and will be removed in a later version of Unity.
Add a delegate to SceneManager.sceneLoaded instead to get notifications after scene loading has completed
Refreshing native plugins compatible for Editor in 1.94 ms, found 2 plugins.
Preloading 0 native plugins for Editor in 0.00 ms.
Unloading 2335 Unused Serialized files (Serialized files now loaded: 0)
Unloading 56 unused Assets / (23.0 KB). Loaded Objects now: 2794.
Memory consumption went from 199.6 MB to 199.6 MB.
Total: 5.612792 ms (FindLiveObjects: 0.114250 ms CreateObjectMapping: 0.033000 ms MarkObjects: 5.440333 ms  DeleteObjects: 0.024042 ms)

AssetImportParameters requested are different than current active one (requested -> active):
  custom:video-decoder-ogg-theora: a1e56fd34408186e4bbccfd4996cb3dc -> 
  custom:container-muxer-webm: aa71ff27fc2769a1b78a27578f13a17b -> 
  custom:container-demuxer-webm: 4f35f7cbe854078d1ac9338744f61a02 -> 
  custom:video-encoder-webm-vp8: eb34c28f22e8b96e1ab97ce403110664 -> 
  custom:framework-osx-AVFoundation: e770b220cccbd017edd2c1fefb359320 -> 
  custom:audio-encoder-webm-vorbis: bf7c407c2cedff20999df2af8eb42d56 -> 
  custom:container-demuxer-ogg: 62fdf1f143b41e24485cea50d1cbac27 -> 
  custom:video-decoder-webm-vp8: 9c59270c3fd7afecdb556c50c9e8de78 -> 
  custom:audio-decoder-ogg-vorbis: bf7c407c2cedff20999df2af8eb42d56 -> 
========================================================================
Received Import Request.
  Time since last request: 34.990471 seconds.
  path: Assets/untitled folder 2/moth/1x/25p_rush_mouth.png
  artifactKey: Guid(2ef1eb1d4191b42fdb57175b9107e5b7) Importer(815301076,1909f56bfc062723c751e8b465ee728b)
Start importing Assets/untitled folder 2/moth/1x/25p_rush_mouth.png using Guid(2ef1eb1d4191b42fdb57175b9107e5b7) Importer(815301076,1909f56bfc062723c751e8b465ee728b)  -> (artifact id: '30ef6f0f9a67b43e8b9211a76eeea9cc') in 0.116084 seconds 
========================================================================
Received Import Request.
  Time since last request: 0.000070 seconds.
  path: Assets/untitled folder 2/eyes/1x/35p_doors_eye.png
  artifactKey: Guid(e1f52f79811bd4e9fa4e59da512695c7) Importer(815301076,1909f56bfc062723c751e8b465ee728b)
Start importing Assets/untitled folder 2/eyes/1x/35p_doors_eye.png using Guid(e1f52f79811bd4e9fa4e59da512695c7) Importer(815301076,1909f56bfc062723c751e8b465ee728b)  -> (artifact id: 'ecdc070f1347fface62f04fea07ffeee') in 0.015333 seconds 
========================================================================
Received Import Request.
  Time since last request: 0.000036 seconds.
  path: Assets/untitled folder 2/moth/1x/Asset 4.png
  artifactKey: Guid(f77a7b417e58c4ed486f94daf1488c30) Importer(815301076,1909f56bfc062723c751e8b465ee728b)
Start importing Assets/untitled folder 2/moth/1x/Asset 4.png using Guid(f77a7b417e58c4ed486f94daf1488c30) Importer(815301076,1909f56bfc062723c751e8b465ee728b)  -> (artifact id: '6b5ffa915d114cd235636c704212d855') in 0.009097 seconds 
========================================================================
Received Import Request.
  Time since last request: 0.000064 seconds.
  path: Assets/untitled folder 2/eyes/1x/27p_pepe_eye.png
  artifactKey: Guid(b7088a361e90f454fbda19746133686e) Importer(815301076,1909f56bfc062723c751e8b465ee728b)
Start importing Assets/untitled folder 2/eyes/1x/27p_pepe_eye.png using Guid(b7088a361e90f454fbda19746133686e) Importer(815301076,1909f56bfc062723c751e8b465ee728b)  -> (artifact id: '2f09495abdd02e27f021932404eac6ad') in 0.011365 seconds 
========================================================================
Received Import Request.
  Time since last request: 0.000065 seconds.
  path: Assets/untitled folder 2/eyes/1x/Asset 2.png
  artifactKey: Guid(62d3d63d2fc80400dab5f9f158ea450e) Importer(815301076,1909f56bfc062723c751e8b465ee728b)
Start importing Assets/untitled folder 2/eyes/1x/Asset 2.png using Guid(62d3d63d2fc80400dab5f9f158ea450e) Importer(815301076,1909f56bfc062723c751e8b465ee728b)  -> (artifact id: '13ebf2be0bc688ed4228714e19f7f992') in 0.011866 seconds 
========================================================================
Received Import Request.
  Time since last request: 0.000046 seconds.
  path: Assets/untitled folder 2/leg/1x/Asset 1.png
  artifactKey: Guid(a4ef58c15e6fe49cca9e298a867ab1b5) Importer(815301076,1909f56bfc062723c751e8b465ee728b)
Start importing Assets/untitled folder 2/leg/1x/Asset 1.png using Guid(a4ef58c15e6fe49cca9e298a867ab1b5) Importer(815301076,1909f56bfc062723c751e8b465ee728b)  -> (artifact id: '8984b15edb1afdb06bdacce3875d500d') in 0.016244 seconds 
========================================================================
Received Import Request.
  Time since last request: 0.000039 seconds.
  path: Assets/untitled folder 2/moth/1x/Asset 1.png
  artifactKey: Guid(51c52b620367742e7b54285b51675683) Importer(815301076,1909f56bfc062723c751e8b465ee728b)
Start importing Assets/untitled folder 2/moth/1x/Asset 1.png using Guid(51c52b620367742e7b54285b51675683) Importer(815301076,1909f56bfc062723c751e8b465ee728b)  -> (artifact id: '7b917358b68c607ae0e62cf446cdd190') in 0.011306 seconds 
========================================================================
Received Import Request.
  Time since last request: 0.000046 seconds.
  path: Assets/untitled folder 2/eyes/1x/28p_ccchou_eye #3269.png
  artifactKey: Guid(b2fe57a13307e47b59dfc10b18a4d404) Importer(815301076,1909f56bfc062723c751e8b465ee728b)
Start importing Assets/untitled folder 2/eyes/1x/28p_ccchou_eye #3269.png using Guid(b2fe57a13307e47b59dfc10b18a4d404) Importer(815301076,1909f56bfc062723c751e8b465ee728b)  -> (artifact id: '86a0490f1c906d3d55e73146e3f9307b') in 0.013618 seconds 
========================================================================
Received Import Request.
  Time since last request: 0.000036 seconds.
  path: Assets/untitled folder 2/moth/1x/Asset 2 - Copy.png
  artifactKey: Guid(b376291a1fd304f419eaaea53a1dec2c) Importer(815301076,1909f56bfc062723c751e8b465ee728b)
Start importing Assets/untitled folder 2/moth/1x/Asset 2 - Copy.png using Guid(b376291a1fd304f419eaaea53a1dec2c) Importer(815301076,1909f56bfc062723c751e8b465ee728b)  -> (artifact id: '90c29be48420ba70cfbf98af8b4a42ce') in 0.011109 seconds 
========================================================================
Received Import Request.
  Time since last request: 0.000049 seconds.
  path: Assets/untitled folder 2/body/Asset 2.png
  artifactKey: Guid(2ad03c3393014453db8f9e6711cedd63) Importer(815301076,1909f56bfc062723c751e8b465ee728b)
Start importing Assets/untitled folder 2/body/Asset 2.png using Guid(2ad03c3393014453db8f9e6711cedd63) Importer(815301076,1909f56bfc062723c751e8b465ee728b)  -> (artifact id: '3ed9eab18ede9cc2d51fde12486dda10') in 0.007282 seconds 
========================================================================
Received Import Request.
  Time since last request: 0.000064 seconds.
  path: Assets/untitled folder 2/eyes/1x/41p_pug_a_eye.png
  artifactKey: Guid(c094412ede20f451ba25e520ad4f8c50) Importer(815301076,1909f56bfc062723c751e8b465ee728b)
Start importing Assets/untitled folder 2/eyes/1x/41p_pug_a_eye.png using Guid(c094412ede20f451ba25e520ad4f8c50) Importer(815301076,1909f56bfc062723c751e8b465ee728b)  -> (artifact id: '63f119dd0a08579bd35e860778425700') in 0.008635 seconds 
========================================================================
Received Import Request.
  Time since last request: 0.000037 seconds.
  path: Assets/untitled folder 2/eyes/1x/39p_mommy_eye_expantion.png
  artifactKey: Guid(e5a78a702115844e5af985a4fdec0b76) Importer(815301076,1909f56bfc062723c751e8b465ee728b)
Start importing Assets/untitled folder 2/eyes/1x/39p_mommy_eye_expantion.png using Guid(e5a78a702115844e5af985a4fdec0b76) Importer(815301076,1909f56bfc062723c751e8b465ee728b)  -> (artifact id: 'eb35c87f15285ca11aac9abd23f3093c') in 0.013269 seconds 
========================================================================
Received Import Request.
  Time since last request: 0.000051 seconds.
  path: Assets/untitled folder 2/body/Asset 1.png
  artifactKey: Guid(e24c1526476264571a8752bebf3d891e) Importer(815301076,1909f56bfc062723c751e8b465ee728b)
Start importing Assets/untitled folder 2/body/Asset 1.png using Guid(e24c1526476264571a8752bebf3d891e) Importer(815301076,1909f56bfc062723c751e8b465ee728b)  -> (artifact id: 'd3c7822371cd17a6f131976d0b32716a') in 0.007047 seconds 
========================================================================
Received Import Request.
  Time since last request: 0.000036 seconds.
  path: Assets/untitled folder 2/body/Asset 4.png
  artifactKey: Guid(c9c24fa5ec31e47988543cb79d2da7fc) Importer(815301076,1909f56bfc062723c751e8b465ee728b)
Start importing Assets/untitled folder 2/body/Asset 4.png using Guid(c9c24fa5ec31e47988543cb79d2da7fc) Importer(815301076,1909f56bfc062723c751e8b465ee728b)  -> (artifact id: '85dcbc61852bb5c187909d8592c36dcf') in 0.007646 seconds 
========================================================================
Received Import Request.
  Time since last request: 0.000038 seconds.
  path: Assets/untitled folder 2/eyes/1x/34p_poppy_eye.png
  artifactKey: Guid(46c2344c068954a6cb0d733e3cb90232) Importer(815301076,1909f56bfc062723c751e8b465ee728b)
Start importing Assets/untitled folder 2/eyes/1x/34p_poppy_eye.png using Guid(46c2344c068954a6cb0d733e3cb90232) Importer(815301076,1909f56bfc062723c751e8b465ee728b)  -> (artifact id: 'c133260626f3d5f908fcec151516f74a') in 0.010402 seconds 
========================================================================
Received Import Request.
  Time since last request: 0.000045 seconds.
  path: Assets/untitled folder 2/moth/1x/Asset 4 - Copy.png
  artifactKey: Guid(65dfbbe9ea6cc46a19d82cce9120eecf) Importer(815301076,1909f56bfc062723c751e8b465ee728b)
Start importing Assets/untitled folder 2/moth/1x/Asset 4 - Copy.png using Guid(65dfbbe9ea6cc46a19d82cce9120eecf) Importer(815301076,1909f56bfc062723c751e8b465ee728b)  -> (artifact id: '4b40e78d6a898e4022e77e3c6b2047bc') in 0.011099 seconds 
========================================================================
Received Import Request.
  Time since last request: 0.000046 seconds.
  path: Assets/untitled folder 2/leg/1x/Asset 2.png
  artifactKey: Guid(fe14c351e581e466b86c1c26c46f0f90) Importer(815301076,1909f56bfc062723c751e8b465ee728b)
Start importing Assets/untitled folder 2/leg/1x/Asset 2.png using Guid(fe14c351e581e466b86c1c26c46f0f90) Importer(815301076,1909f56bfc062723c751e8b465ee728b)  -> (artifact id: 'f48705230dc3232de1c06cd64707e361') in 0.011191 seconds 
========================================================================
Received Import Request.
  Time since last request: 0.000071 seconds.
  path: Assets/untitled folder 2/hands/Asset 5.png
  artifactKey: Guid(bd0d330ad41ca40ffaa85b86e3495267) Importer(815301076,1909f56bfc062723c751e8b465ee728b)
Start importing Assets/untitled folder 2/hands/Asset 5.png using Guid(bd0d330ad41ca40ffaa85b86e3495267) Importer(815301076,1909f56bfc062723c751e8b465ee728b)  -> (artifact id: '8229e1b2e8d90ab9835090ddc0591698') in 0.012708 seconds 
========================================================================
Received Import Request.
  Time since last request: 0.000063 seconds.
  path: Assets/untitled folder 2/hands/Asset 3.png
  artifactKey: Guid(6ec5b3940ce864ed185d45b301d5438b) Importer(815301076,1909f56bfc062723c751e8b465ee728b)
Start importing Assets/untitled folder 2/hands/Asset 3.png using Guid(6ec5b3940ce864ed185d45b301d5438b) Importer(815301076,1909f56bfc062723c751e8b465ee728b)  -> (artifact id: '5eb52aa93f500333a387b6f5cf16bb36') in 0.011178 seconds 
========================================================================
Received Import Request.
  Time since last request: 0.000038 seconds.
  path: Assets/untitled folder 2/body/56.png
  artifactKey: Guid(ffbb5220af736414cbd057e30a774e0b) Importer(815301076,1909f56bfc062723c751e8b465ee728b)
Start importing Assets/untitled folder 2/body/56.png using Guid(ffbb5220af736414cbd057e30a774e0b) Importer(815301076,1909f56bfc062723c751e8b465ee728b)  -> (artifact id: 'ca8855a251df967ec24c24a7c7c3b0ac') in 0.008769 seconds 
========================================================================
Received Import Request.
  Time since last request: 0.000041 seconds.
  path: Assets/untitled folder 2/eyes/1x/37p_holt_eye #3207.png
  artifactKey: Guid(17eb3e61869ba460b88e693f57f476f3) Importer(815301076,1909f56bfc062723c751e8b465ee728b)
Start importing Assets/untitled folder 2/eyes/1x/37p_holt_eye #3207.png using Guid(17eb3e61869ba460b88e693f57f476f3) Importer(815301076,1909f56bfc062723c751e8b465ee728b)  -> (artifact id: '050272cf3b1e7179df75a1aaa1c9c33a') in 0.012388 seconds 
========================================================================
Received Import Request.
  Time since last request: 0.000043 seconds.
  path: Assets/untitled folder 2/eyes/1x/30p_mommy_eye_pure #3232.png
  artifactKey: Guid(6ae83444e6a814f1fb2d8591ab99d27c) Importer(815301076,1909f56bfc062723c751e8b465ee728b)
Start importing Assets/untitled folder 2/eyes/1x/30p_mommy_eye_pure #3232.png using Guid(6ae83444e6a814f1fb2d8591ab99d27c) Importer(815301076,1909f56bfc062723c751e8b465ee728b)  -> (artifact id: 'b50fd5f55a441907c110a0f71c99a49d') in 0.006913 seconds 
========================================================================
Received Import Request.
  Time since last request: 0.000048 seconds.
  path: Assets/untitled folder 2/leg/1x/Asset 5.png
  artifactKey: Guid(45787d524714d4f8bb83ea44d3c8c436) Importer(815301076,1909f56bfc062723c751e8b465ee728b)
Start importing Assets/untitled folder 2/leg/1x/Asset 5.png using Guid(45787d524714d4f8bb83ea44d3c8c436) Importer(815301076,1909f56bfc062723c751e8b465ee728b)  -> (artifact id: 'd85b15a563968b21f366b0ea25f3cac1') in 0.008169 seconds 
========================================================================
Received Import Request.
  Time since last request: 0.000049 seconds.
  path: Assets/untitled folder 2/ecosti/1x/Asset 4.png
  artifactKey: Guid(362ae0efe27ce4f3e9f70a30054dd456) Importer(815301076,1909f56bfc062723c751e8b465ee728b)
Start importing Assets/untitled folder 2/ecosti/1x/Asset 4.png using Guid(362ae0efe27ce4f3e9f70a30054dd456) Importer(815301076,1909f56bfc062723c751e8b465ee728b)  -> (artifact id: 'a3db6661444f8b2a73edaf208b6b63c4') in 0.008041 seconds 
========================================================================
Received Import Request.
  Time since last request: 0.000034 seconds.
  path: Assets/untitled folder 2/eyes/1x/Asset 5.png
  artifactKey: Guid(a4f16d575f5254a5ca43e222a4c4bbe8) Importer(815301076,1909f56bfc062723c751e8b465ee728b)
Start importing Assets/untitled folder 2/eyes/1x/Asset 5.png using Guid(a4f16d575f5254a5ca43e222a4c4bbe8) Importer(815301076,1909f56bfc062723c751e8b465ee728b)  -> (artifact id: 'ba7c287c40591cd3abf70686d84fbee4') in 0.006642 seconds 
========================================================================
Received Import Request.
  Time since last request: 0.000070 seconds.
  path: Assets/untitled folder 2/moth/1x/Asset 5.png
  artifactKey: Guid(001fadb70602243f5bbb2040969942ab) Importer(815301076,1909f56bfc062723c751e8b465ee728b)
Start importing Assets/untitled folder 2/moth/1x/Asset 5.png using Guid(001fadb70602243f5bbb2040969942ab) Importer(815301076,1909f56bfc062723c751e8b465ee728b)  -> (artifact id: '9dd42397ddef4ff51470c047e0bbdf0c') in 0.007398 seconds 
========================================================================
Received Import Request.
  Time since last request: 0.000037 seconds.
  path: Assets/untitled folder 2/eyes/1x/33p_daddy_eye.png
  artifactKey: Guid(242836403f1724a94963d4eb1739d722) Importer(815301076,1909f56bfc062723c751e8b465ee728b)
Start importing Assets/untitled folder 2/eyes/1x/33p_daddy_eye.png using Guid(242836403f1724a94963d4eb1739d722) Importer(815301076,1909f56bfc062723c751e8b465ee728b)  -> (artifact id: '87b2c3a05ef409a19ae26cbfe432bf59') in 0.008613 seconds 
========================================================================
Received Import Request.
  Time since last request: 0.000037 seconds.
  path: Assets/untitled folder 2/body/Asset 3.png
  artifactKey: Guid(88eff30fa1f934350989f35fa72ec28b) Importer(815301076,1909f56bfc062723c751e8b465ee728b)
Start importing Assets/untitled folder 2/body/Asset 3.png using Guid(88eff30fa1f934350989f35fa72ec28b) Importer(815301076,1909f56bfc062723c751e8b465ee728b)  -> (artifact id: 'd1132825002621bf04b3512245fefe82') in 0.006642 seconds 
========================================================================
Received Import Request.
  Time since last request: 0.000036 seconds.
  path: Assets/untitled folder 2/eyes/1x/38p_huggy_eye_heart #3229.png
  artifactKey: Guid(e1005cac77ec344de831b7149852a8a3) Importer(815301076,1909f56bfc062723c751e8b465ee728b)
Start importing Assets/untitled folder 2/eyes/1x/38p_huggy_eye_heart #3229.png using Guid(e1005cac77ec344de831b7149852a8a3) Importer(815301076,1909f56bfc062723c751e8b465ee728b)  -> (artifact id: '1d9e6005f86cc321a847b2a91b86349d') in 0.007718 seconds 
========================================================================
Received Import Request.
  Time since last request: 0.000035 seconds.
  path: Assets/untitled folder 2/eyes/1x/36p_seek_eye_sharingan #3295.png
  artifactKey: Guid(dfab7ab9923674a2ba4e7081166d8b5d) Importer(815301076,1909f56bfc062723c751e8b465ee728b)
Start importing Assets/untitled folder 2/eyes/1x/36p_seek_eye_sharingan #3295.png using Guid(dfab7ab9923674a2ba4e7081166d8b5d) Importer(815301076,1909f56bfc062723c751e8b465ee728b)  -> (artifact id: '53eec938985de9f49ea1ec7951b705b4') in 0.007194 seconds 
========================================================================
Received Import Request.
  Time since last request: 0.000049 seconds.
  path: Assets/untitled folder 2/ecosti/1x/Asset 1.png
  artifactKey: Guid(808b85a7ea2294e51ac46818fab7f5fe) Importer(815301076,1909f56bfc062723c751e8b465ee728b)
Start importing Assets/untitled folder 2/ecosti/1x/Asset 1.png using Guid(808b85a7ea2294e51ac46818fab7f5fe) Importer(815301076,1909f56bfc062723c751e8b465ee728b)  -> (artifact id: '85a9f9123e48aeaa1442f6ee60b5c748') in 0.006329 seconds 
========================================================================
Received Import Request.
  Time since last request: 0.000039 seconds.
  path: Assets/untitled folder 2/moth/1x/Asset 3 - Copy.png
  artifactKey: Guid(2da13e13b93b24be38862af8bccc20f2) Importer(815301076,1909f56bfc062723c751e8b465ee728b)
Start importing Assets/untitled folder 2/moth/1x/Asset 3 - Copy.png using Guid(2da13e13b93b24be38862af8bccc20f2) Importer(815301076,1909f56bfc062723c751e8b465ee728b)  -> (artifact id: 'c72abcc4926bb957145e84da2b8354fa') in 0.008786 seconds 
========================================================================
Received Import Request.
  Time since last request: 0.000033 seconds.
  path: Assets/untitled folder 2/ecosti/1x/Asset 3.png
  artifactKey: Guid(aa16662a79aca424bb97755593418888) Importer(815301076,1909f56bfc062723c751e8b465ee728b)
Start importing Assets/untitled folder 2/ecosti/1x/Asset 3.png using Guid(aa16662a79aca424bb97755593418888) Importer(815301076,1909f56bfc062723c751e8b465ee728b)  -> (artifact id: '9d853626326a6214d06142f7013fde11') in 0.006700 seconds 
========================================================================
Received Import Request.
  Time since last request: 0.000052 seconds.
  path: Assets/untitled folder 2/eyes/1x/Asset 4.png
  artifactKey: Guid(6b5fef7ce62694439aaf85de144de59e) Importer(815301076,1909f56bfc062723c751e8b465ee728b)
Start importing Assets/untitled folder 2/eyes/1x/Asset 4.png using Guid(6b5fef7ce62694439aaf85de144de59e) Importer(815301076,1909f56bfc062723c751e8b465ee728b)  -> (artifact id: '08829a37a160de9c93218c7ed5b20f9d') in 0.006368 seconds 
========================================================================
Received Import Request.
  Time since last request: 0.000052 seconds.
  path: Assets/untitled folder 2/moth/1x/Asset 1 - Copy.png
  artifactKey: Guid(8f836e2b78db2474d8a1c9ad2d2f7396) Importer(815301076,1909f56bfc062723c751e8b465ee728b)
Start importing Assets/untitled folder 2/moth/1x/Asset 1 - Copy.png using Guid(8f836e2b78db2474d8a1c9ad2d2f7396) Importer(815301076,1909f56bfc062723c751e8b465ee728b)  -> (artifact id: 'a3c220002897198b6f4cc8dad9678f57') in 0.008237 seconds 
========================================================================
Received Import Request.
  Time since last request: 0.000053 seconds.
  path: Assets/untitled folder 2/leg/1x/Asset 3.png
  artifactKey: Guid(19289329e4dd545ce834039b11edce5c) Importer(815301076,1909f56bfc062723c751e8b465ee728b)
Start importing Assets/untitled folder 2/leg/1x/Asset 3.png using Guid(19289329e4dd545ce834039b11edce5c) Importer(815301076,1909f56bfc062723c751e8b465ee728b)  -> (artifact id: '801f45b482f66e2f881623d80ef18a7d') in 0.007080 seconds 
========================================================================
Received Import Request.
  Time since last request: 0.000034 seconds.
  path: Assets/untitled folder 2/moth/1x/Asset 2.png
  artifactKey: Guid(3116126a6c8594734b36146b46f332ea) Importer(815301076,1909f56bfc062723c751e8b465ee728b)
Start importing Assets/untitled folder 2/moth/1x/Asset 2.png using Guid(3116126a6c8594734b36146b46f332ea) Importer(815301076,1909f56bfc062723c751e8b465ee728b)  -> (artifact id: '29dd75a6386505807337aad9c04985b4') in 0.006001 seconds 
========================================================================
Received Import Request.
  Time since last request: 0.000041 seconds.
  path: Assets/untitled folder 2/eyes/1x/Asset 3.png
  artifactKey: Guid(5962a3a91a90540869ceab55c066842d) Importer(815301076,1909f56bfc062723c751e8b465ee728b)
Start importing Assets/untitled folder 2/eyes/1x/Asset 3.png using Guid(5962a3a91a90540869ceab55c066842d) Importer(815301076,1909f56bfc062723c751e8b465ee728b)  -> (artifact id: '3af4714c97bd513296b409cf77794e5c') in 0.006783 seconds 
========================================================================
Received Import Request.
  Time since last request: 0.000044 seconds.
  path: Assets/untitled folder 2/hands/Asset 4.png
  artifactKey: Guid(4e1b4921a868b402b9c11f108b3928b9) Importer(815301076,1909f56bfc062723c751e8b465ee728b)
Start importing Assets/untitled folder 2/hands/Asset 4.png using Guid(4e1b4921a868b402b9c11f108b3928b9) Importer(815301076,1909f56bfc062723c751e8b465ee728b)  -> (artifact id: '9c0c7800b07d79802517bb1473b1c5ef') in 0.007334 seconds 
========================================================================
Received Import Request.
  Time since last request: 0.000039 seconds.
  path: Assets/untitled folder 2/body/Asset 5.png
  artifactKey: Guid(69dacbdfb93ea47358bd9c59baa4e962) Importer(815301076,1909f56bfc062723c751e8b465ee728b)
Start importing Assets/untitled folder 2/body/Asset 5.png using Guid(69dacbdfb93ea47358bd9c59baa4e962) Importer(815301076,1909f56bfc062723c751e8b465ee728b)  -> (artifact id: '5e511ed51654131fee04445433615c56') in 0.007430 seconds 
========================================================================
Received Import Request.
  Time since last request: 0.000033 seconds.
  path: Assets/untitled folder 2/eyes/1x/31p_seek_eye_heart.png
  artifactKey: Guid(f239d6dcfc52948819c68f46986c351c) Importer(815301076,1909f56bfc062723c751e8b465ee728b)
Start importing Assets/untitled folder 2/eyes/1x/31p_seek_eye_heart.png using Guid(f239d6dcfc52948819c68f46986c351c) Importer(815301076,1909f56bfc062723c751e8b465ee728b)  -> (artifact id: 'bb47843c9fe3d3556de5ab995d64e16e') in 0.007387 seconds 
========================================================================
Received Import Request.
  Time since last request: 0.000035 seconds.
  path: Assets/untitled folder 2/moth/1x/27i_daddy_mouth.png
  artifactKey: Guid(7603bea60ffaa453ca369f715b657060) Importer(815301076,1909f56bfc062723c751e8b465ee728b)
Start importing Assets/untitled folder 2/moth/1x/27i_daddy_mouth.png using Guid(7603bea60ffaa453ca369f715b657060) Importer(815301076,1909f56bfc062723c751e8b465ee728b)  -> (artifact id: 'b944ef04bb9ca1b6b93ea70ab2c363d4') in 0.007014 seconds 
========================================================================
Received Prepare
Registering precompiled user dll's ...
Registered in 0.001714 seconds.
Begin MonoManager ReloadAssembly
Thread 0x289c83000 may have been prematurely finalized
Native extension for WindowsStandalone target not found
Native extension for Android target not found
Native extension for OSXStandalone target not found
Refreshing native plugins compatible for Editor in 0.40 ms, found 2 plugins.
Preloading 0 native plugins for Editor in 0.00 ms.
Mono: successfully reloaded assembly
- Completed reload, in  0.711 seconds
Domain Reload Profiling:
	ReloadAssembly (711ms)
		BeginReloadAssembly (98ms)
			ExecutionOrderSort (0ms)
			DisableScriptedObjects (5ms)
			BackupInstance (0ms)
			ReleaseScriptingObjects (0ms)
			CreateAndSetChildDomain (46ms)
		EndReloadAssembly (547ms)
			LoadAssemblies (36ms)
			RebuildTransferFunctionScriptingTraits (0ms)
			SetupTypeCache (140ms)
			ReleaseScriptCaches (1ms)
			RebuildScriptCaches (31ms)
			SetupLoadedEditorAssemblies (306ms)
				LogAssemblyErrors (0ms)
				InitializePlatformSupportModulesInManaged (12ms)
				SetLoadedEditorAssemblies (0ms)
				RefreshPlugins (0ms)
				BeforeProcessingInitializeOnLoad (33ms)
				ProcessInitializeOnLoadAttributes (159ms)
				ProcessInitializeOnLoadMethodAttributes (100ms)
				AfterProcessingInitializeOnLoad (1ms)
				EditorAssembliesLoaded (0ms)
			ExecutionOrderSort2 (0ms)
			AwakeInstancesAfterBackupRestoration (3ms)
Platform modules already initialized, skipping
OnLevelWasLoaded was found on DOTweenComponent
This message has been deprecated and will be removed in a later version of Unity.
Add a delegate to SceneManager.sceneLoaded instead to get notifications after scene loading has completed
Refreshing native plugins compatible for Editor in 1.74 ms, found 2 plugins.
Preloading 0 native plugins for Editor in 0.00 ms.
Unloading 2335 Unused Serialized files (Serialized files now loaded: 0)
Unloading 56 unused Assets / (23.0 KB). Loaded Objects now: 2910.
Memory consumption went from 200.4 MB to 200.4 MB.
Total: 5.094458 ms (FindLiveObjects: 0.113583 ms CreateObjectMapping: 0.034708 ms MarkObjects: 4.918792 ms  DeleteObjects: 0.026500 ms)

AssetImportParameters requested are different than current active one (requested -> active):
  custom:video-decoder-ogg-theora: a1e56fd34408186e4bbccfd4996cb3dc -> 
  custom:container-muxer-webm: aa71ff27fc2769a1b78a27578f13a17b -> 
  custom:container-demuxer-webm: 4f35f7cbe854078d1ac9338744f61a02 -> 
  custom:video-encoder-webm-vp8: eb34c28f22e8b96e1ab97ce403110664 -> 
  custom:framework-osx-AVFoundation: e770b220cccbd017edd2c1fefb359320 -> 
  custom:audio-encoder-webm-vorbis: bf7c407c2cedff20999df2af8eb42d56 -> 
  custom:container-demuxer-ogg: 62fdf1f143b41e24485cea50d1cbac27 -> 
  custom:video-decoder-webm-vp8: 9c59270c3fd7afecdb556c50c9e8de78 -> 
  custom:audio-decoder-ogg-vorbis: bf7c407c2cedff20999df2af8eb42d56 -> 
